25e87186-2c56-40a9-800b-8c1e98e4867d:1750787371627:20:S:INSERT INTO Customers (CustomerID, Name, DOB, Balance, LastModified)\nVALUES (1, 'Divyanshu', TO_DATE('1985-05-15', 'YYYY-MM-DD'), 1000, SYSDATE);
62e21a06-c3b9-431b-b90f-6e966715a33a:1750787373746:113:S:INSERT INTO Customers (CustomerID, Name, DOB, Balance, LastModified)\nVALUES (2, 'Anshul', TO_DATE('1990-07-20', 'YYYY-MM-DD'), 1500, SYSDATE);
c28285be-4689-4d1b-ac21-a7c0e585beaa:1750787374992:7:S:INSERT INTO Customers (CustomerID, Name, DOB, Balance, LastModified)\nVALUES (3, 'Preet', TO_DATE('1950-07-20', 'YYYY-MM-DD'), 15000, SYSDATE);
308f6fc7-8ccc-44a3-b2a5-11ee175750df:1750787375509:19:S:INSERT INTO Accounts (AccountID, CustomerID, AccountType, Balance, LastModified)\nVALUES (1, 1, 'Savings', 1000, SYSDATE);
6c8d8880-ad97-4259-8ded-5826991debad:1750787376182:13:S:INSERT INTO Accounts (AccountID, CustomerID, AccountType, Balance, LastModified)\nVALUES (2, 2, 'Checking', 1500, SYSDATE);
34ee9c4e-77dc-481b-ad67-1ef098bda0af:1750787376651:10:S:INSERT INTO Transactions (TransactionID, AccountID, TransactionDate, Amount, TransactionType)\nVALUES (1, 1, SYSDATE, 200, 'Deposit');
31d51e2a-a184-4d8d-9047-ed02765ee856:1750787377448:22:S:INSERT INTO Transactions (TransactionID, AccountID, TransactionDate, Amount, TransactionType)\nVALUES (2, 2, SYSDATE, 300, 'Withdrawal');
0b2c9000-083d-4d37-838f-5693f9ea0889:1750787378205:33:S:INSERT INTO Loans (LoanID, CustomerID, LoanAmount, InterestRate, StartDate, EndDate)\nVALUES (1, 1, 5000, 5, SYSDATE, ADD_MONTHS(SYSDATE, 60));
94d68ec8-fee4-414f-b3c8-c168b3fe8e17:1750787379132:6:S:INSERT INTO Loans (LoanID, CustomerID, LoanAmount, InterestRate, StartDate, EndDate)\nVALUES (2, 1, 3000, 6.5, SYSDATE, SYSDATE + 10);
9d36456d-9d16-4ddb-9d15-93e30ad04fa5:1750787379567:5:S:INSERT INTO Employees (EmployeeID, Name, Position, Salary, Department, HireDate)\nVALUES (1, 'Rahul', 'Manager', 70000, 'HR', TO_DATE('2015-06-15', 'YYYY-MM-DD'));
04b31391-cd85-4404-9326-6f829fac7f13:1750787380123:7:S:INSERT INTO Employees (EmployeeID, Name, Position, Salary, Department, HireDate)\nVALUES (2, 'Sharma', 'Developer', 60000, 'IT', TO_DATE('2017-03-20', 'YYYY-MM-DD'));
8c8f8281-0b08-4b03-b941-8c157e533458:1750787429164:147:S:SELECT CustomerID, LoanID, InterestRate FROM Loans;
f3ffe7dd-a14c-436f-969c-0bac3be0d3c1:1750787429634:0:F:SELECT CustomerID, Name, Balance, IsVIP FROM Customers;
da5d8b53-50b9-4a4a-9184-4b5732546130:1750787430384:150:S:SELECT LoanID, CustomerID, EndDate\nFROM Loans\nWHERE EndDate <= SYSDATE + 30;
b1eb61dd-7619-46ba-a852-2015ed69c717:1750787481252:28:S:SELECT CustomerID, LoanID, InterestRate FROM Loans;
732fd75f-4822-4afd-9c4b-6c25fe2b7cf4:1750787481625:0:F:SELECT CustomerID, Name, Balance, IsVIP FROM Customers;
c408a7bd-7d9f-4b10-a274-797358bc9b3e:1750787482240:19:S:SELECT LoanID, CustomerID, EndDate\nFROM Loans\nWHERE EndDate <= SYSDATE + 30;
735665e3-7d31-44cf-ae7c-6d09e23b7f84:1750787674028:10:S:SELECT CustomerID, LoanID, InterestRate FROM Loans;
9b5f555c-259d-4a79-ad92-348713aadd47:1750787740999:33:S:SELECT CustomerID, Name, Balance FROM Customers;
fc78d6ef-e0a9-4cd7-84e5-8489869cd1ec:1750789075310:113:S:ALTER TABLE Customers ADD IsVIP VARCHAR2(5) DEFAULT 'FALSE';
18679d0e-891c-4074-a10f-8895b93e8b5a:1750789102597:35:S:SELECT CustomerID, Name, Balance, IsVIP FROM Customers;
